CRITICAL - 2024-08-30 10:31:46 --> ErrorException: include(Admin/header): Failed to open stream: No such file or directory
[Method: GET, Route: /]
in APPPATH\Views\Admin\dashboard.php on line 1.
 1 APPPATH\Views\Admin\dashboard.php(1): CodeIgniter\Debug\Exceptions->errorHandler(2, 'include(Admin/header): Failed to open stream: No such file or directory', 'C:\\xampp\\htdocs\\inventory\\app\\Views\\Admin\\dashboard.php', 1)
 2 APPPATH\Views\Admin\dashboard.php(1): include()
 3 SYSTEMPATH\View\View.php(234): include('C:\\xampp\\htdocs\\inventory\\app\\Views\\Admin\\dashboard.php')
 4 SYSTEMPATH\View\View.php(237): CodeIgniter\View\View->CodeIgniter\View\{closure}()
 5 SYSTEMPATH\Common.php(1171): CodeIgniter\View\View->render('Admin/dashboard', [], true)
 6 APPPATH\Controllers\Home.php(9): view('Admin/dashboard')
 7 SYSTEMPATH\CodeIgniter.php(933): App\Controllers\Home->index()
 8 SYSTEMPATH\CodeIgniter.php(509): CodeIgniter\CodeIgniter->runController(Object(App\Controllers\Home))
 9 SYSTEMPATH\CodeIgniter.php(355): CodeIgniter\CodeIgniter->handleRequest(null, Object(Config\Cache), false)
10 SYSTEMPATH\Boot.php(312): CodeIgniter\CodeIgniter->run()
11 SYSTEMPATH\Boot.php(67): CodeIgniter\Boot::runCodeIgniter(Object(CodeIgniter\CodeIgniter))
12 FCPATH\index.php(56): CodeIgniter\Boot::bootWeb(Object(Config\Paths))
CRITICAL - 2024-08-30 10:31:57 --> ErrorException: include(Admin/header): Failed to open stream: No such file or directory
[Method: GET, Route: /]
in APPPATH\Views\Admin\dashboard.php on line 1.
 1 APPPATH\Views\Admin\dashboard.php(1): CodeIgniter\Debug\Exceptions->errorHandler(2, 'include(Admin/header): Failed to open stream: No such file or directory', 'C:\\xampp\\htdocs\\inventory\\app\\Views\\Admin\\dashboard.php', 1)
 2 APPPATH\Views\Admin\dashboard.php(1): include()
 3 SYSTEMPATH\View\View.php(234): include('C:\\xampp\\htdocs\\inventory\\app\\Views\\Admin\\dashboard.php')
 4 SYSTEMPATH\View\View.php(237): CodeIgniter\View\View->CodeIgniter\View\{closure}()
 5 SYSTEMPATH\Common.php(1171): CodeIgniter\View\View->render('Admin/dashboard', [], true)
 6 APPPATH\Controllers\Home.php(9): view('Admin/dashboard')
 7 SYSTEMPATH\CodeIgniter.php(933): App\Controllers\Home->index()
 8 SYSTEMPATH\CodeIgniter.php(509): CodeIgniter\CodeIgniter->runController(Object(App\Controllers\Home))
 9 SYSTEMPATH\CodeIgniter.php(355): CodeIgniter\CodeIgniter->handleRequest(null, Object(Config\Cache), false)
10 SYSTEMPATH\Boot.php(312): CodeIgniter\CodeIgniter->run()
11 SYSTEMPATH\Boot.php(67): CodeIgniter\Boot::runCodeIgniter(Object(CodeIgniter\CodeIgniter))
12 FCPATH\index.php(56): CodeIgniter\Boot::bootWeb(Object(Config\Paths))
CRITICAL - 2024-08-30 10:31:59 --> ErrorException: include(Admin/header): Failed to open stream: No such file or directory
[Method: GET, Route: /]
in APPPATH\Views\Admin\dashboard.php on line 1.
 1 APPPATH\Views\Admin\dashboard.php(1): CodeIgniter\Debug\Exceptions->errorHandler(2, 'include(Admin/header): Failed to open stream: No such file or directory', 'C:\\xampp\\htdocs\\inventory\\app\\Views\\Admin\\dashboard.php', 1)
 2 APPPATH\Views\Admin\dashboard.php(1): include()
 3 SYSTEMPATH\View\View.php(234): include('C:\\xampp\\htdocs\\inventory\\app\\Views\\Admin\\dashboard.php')
 4 SYSTEMPATH\View\View.php(237): CodeIgniter\View\View->CodeIgniter\View\{closure}()
 5 SYSTEMPATH\Common.php(1171): CodeIgniter\View\View->render('Admin/dashboard', [], true)
 6 APPPATH\Controllers\Home.php(9): view('Admin/dashboard')
 7 SYSTEMPATH\CodeIgniter.php(933): App\Controllers\Home->index()
 8 SYSTEMPATH\CodeIgniter.php(509): CodeIgniter\CodeIgniter->runController(Object(App\Controllers\Home))
 9 SYSTEMPATH\CodeIgniter.php(355): CodeIgniter\CodeIgniter->handleRequest(null, Object(Config\Cache), false)
10 SYSTEMPATH\Boot.php(312): CodeIgniter\CodeIgniter->run()
11 SYSTEMPATH\Boot.php(67): CodeIgniter\Boot::runCodeIgniter(Object(CodeIgniter\CodeIgniter))
12 FCPATH\index.php(56): CodeIgniter\Boot::bootWeb(Object(Config\Paths))
CRITICAL - 2024-08-30 10:31:59 --> ErrorException: include(Admin/header): Failed to open stream: No such file or directory
[Method: GET, Route: /]
in APPPATH\Views\Admin\dashboard.php on line 1.
 1 APPPATH\Views\Admin\dashboard.php(1): CodeIgniter\Debug\Exceptions->errorHandler(2, 'include(Admin/header): Failed to open stream: No such file or directory', 'C:\\xampp\\htdocs\\inventory\\app\\Views\\Admin\\dashboard.php', 1)
 2 APPPATH\Views\Admin\dashboard.php(1): include()
 3 SYSTEMPATH\View\View.php(234): include('C:\\xampp\\htdocs\\inventory\\app\\Views\\Admin\\dashboard.php')
 4 SYSTEMPATH\View\View.php(237): CodeIgniter\View\View->CodeIgniter\View\{closure}()
 5 SYSTEMPATH\Common.php(1171): CodeIgniter\View\View->render('Admin/dashboard', [], true)
 6 APPPATH\Controllers\Home.php(9): view('Admin/dashboard')
 7 SYSTEMPATH\CodeIgniter.php(933): App\Controllers\Home->index()
 8 SYSTEMPATH\CodeIgniter.php(509): CodeIgniter\CodeIgniter->runController(Object(App\Controllers\Home))
 9 SYSTEMPATH\CodeIgniter.php(355): CodeIgniter\CodeIgniter->handleRequest(null, Object(Config\Cache), false)
10 SYSTEMPATH\Boot.php(312): CodeIgniter\CodeIgniter->run()
11 SYSTEMPATH\Boot.php(67): CodeIgniter\Boot::runCodeIgniter(Object(CodeIgniter\CodeIgniter))
12 FCPATH\index.php(56): CodeIgniter\Boot::bootWeb(Object(Config\Paths))
